#
# There is insufficient memory for the Java Runtime Environment to continue.
# Native memory allocation (malloc) failed to allocate 1048576 bytes. Error detail: AllocateHeap
# Possible reasons:
#   The system is out of physical RAM or swap space
#   This process is running with CompressedOops enabled, and the Java Heap may be blocking the growth of the native heap
# Possible solutions:
#   Reduce memory load on the system
#   Increase physical memory or swap space
#   Check if swap backing store is full
#   Decrease Java heap size (-Xmx/-Xms)
#   Decrease number of Java threads
#   Decrease Java thread stack sizes (-Xss)
#   Set larger code cache with -XX:ReservedCodeCacheSize=
#   JVM is running with Unscaled Compressed Oops mode in which the Java heap is
#     placed in the first 4GB address space. The Java Heap base address is the
#     maximum limit for the native heap growth. Please use -XX:HeapBaseMinAddress
#     to set the Java Heap base and to place the Java Heap above 4GB virtual address.
# This output file may be truncated or incomplete.
#
#  Out of Memory Error (allocation.cpp:44), pid=16104, tid=11820
#
# JRE version:  (21.0.7+6) (build )
# Java VM: OpenJDK 64-Bit Server VM (21.0.7+6-LTS, mixed mode, sharing, tiered, compressed oops, compressed class ptrs, parallel gc, windows-amd64)
# No core dump will be written. Minidumps are not enabled by default on client versions of Windows
#

---------------  S U M M A R Y ------------

Command Line: --add-modules=ALL-SYSTEM --add-opens=java.base/java.util=ALL-UNNAMED --add-opens=java.base/java.lang=ALL-UNNAMED --add-opens=java.base/sun.nio.fs=ALL-UNNAMED -Declipse.application=org.eclipse.jdt.ls.core.id1 -Dosgi.bundles.defaultStartLevel=4 -Declipse.product=org.eclipse.jdt.ls.core.product -Djava.import.generatesMetadataFilesAtProjectRoot=false -DDetectVMInstallationsJob.disabled=true -Dfile.encoding=utf8bom -XX:+UseParallelGC -XX:GCTimeRatio=4 -XX:AdaptiveSizePolicyWeight=90 -Dsun.zip.disableMemoryMapping=true -Xmx2G -Xms100m -Xlog:disable -javaagent:c:\Users\Renan Augusto\.vscode\extensions\redhat.java-1.43.1-win32-x64\lombok\lombok-1.18.39-4050.jar c:\Users\Renan Augusto\.vscode\extensions\redhat.java-1.43.1-win32-x64\server\plugins\org.eclipse.equinox.launcher_1.7.0.v20250519-0528.jar -configuration c:\Users\Renan Augusto\AppData\Roaming\Code\User\globalStorage\redhat.java\1.43.1\config_ss_win -data c:\Users\Renan Augusto\AppData\Roaming\Code\User\workspaceStorage\4cb0578cd3725c5a51ee1e164ad41129\redhat.java\ss_ws --pipe=\\.\pipe\lsp-1d1661695677d4f5790631508a5dc8ca-sock

Host: AMD Ryzen 7 5700G with Radeon Graphics         , 16 cores, 13G,  Windows 11 , 64 bit Build 26100 (10.0.26100.4484)
Time: Mon Jul  7 17:03:02 2025 Hora oficial do Brasil elapsed time: 0.021188 seconds (0d 0h 0m 0s)

---------------  T H R E A D  ---------------

Current thread (0x00000241a522dbf0):  JavaThread "Unknown thread" [_thread_in_vm, id=11820, stack(0x0000006e54900000,0x0000006e54a00000) (1024K)]

Stack: [0x0000006e54900000,0x0000006e54a00000]
Native frames: (J=compiled Java code, j=interpreted, Vv=VM code, C=native code)
V  [jvm.dll+0x6ce119]
V  [jvm.dll+0x8a84a1]
V  [jvm.dll+0x8aa9ce]
V  [jvm.dll+0x8ab0b3]
V  [jvm.dll+0x27f8a6]
V  [jvm.dll+0xbfba7]
V  [jvm.dll+0x702260]
V  [jvm.dll+0x702dcc]
V  [jvm.dll+0x6dcc63]
V  [jvm.dll+0x871dbc]
V  [jvm.dll+0x3bc47c]
V  [jvm.dll+0x85a848]
V  [jvm.dll+0x45080e]
V  [jvm.dll+0x452451]
C  [jli.dll+0x5278]
C  [ucrtbase.dll+0x37b0]
C  [KERNEL32.DLL+0x2e8d7]
C  [ntdll.dll+0x3c34c]


---------------  P R O C E S S  ---------------

Threads class SMR info:
_java_thread_list=0x00000241a5252510, length=1, elements={
0x00000241a522dbf0
}

Java Threads: ( => current thread )
=>0x00000241a522dbf0 JavaThread "Unknown thread"             [_thread_in_vm, id=11820, stack(0x0000006e54900000,0x0000006e54a00000) (1024K)]
Total: 1

Other Threads:
  0x00000241a50bca00 WatcherThread "VM Periodic Task Thread"        [id=13840, stack(0x0000006e54b00000,0x0000006e54c00000) (1024K)]
  0x00000241a524bdc0 WorkerThread "GC Thread#0"                     [id=4608, stack(0x0000006e54a00000,0x0000006e54b00000) (1024K)]
Total: 2

Threads with active compile tasks:
Total: 0

VM state: not at safepoint (normal execution)

VM Mutex/Monitor currently owned by a thread: None

Heap address: 0x0000000080000000, size: 2048 MB, Compressed Oops mode: 32-bit

CDS archive(s) mapped at: [0x00000241bc000000-0x00000241bcba0000-0x00000241bcba0000), size 12189696, SharedBaseAddress: 0x00000241bc000000, ArchiveRelocationMode: 1.
Compressed class space mapped at: 0x00000241bd000000-0x00000241fd000000, reserved size: 1073741824
Narrow klass base: 0x00000241bc000000, Narrow klass shift: 0, Narrow klass range: 0x100000000

GC Precious Log:
 CardTable entry size: 512
 CPUs: 16 total, 16 available
 Memory: 14207M
 Large Page Support: Disabled
 NUMA Support: Disabled
 Compressed Oops: Enabled (32-bit)
 Alignments: Space 512K, Generation 512K, Heap 2M
 Heap Min Capacity: 100M
 Heap Initial Capacity: 100M
 Heap Max Capacity: 2G
 Pre-touch: Disabled
 Parallel Workers: 13

Heap:
 PSYoungGen      total 29696K, used 512K [0x00000000d5580000, 0x00000000d7680000, 0x0000000100000000)
  eden space 25600K, 2% used [0x00000000d5580000,0x00000000d5600020,0x00000000d6e80000)
  from space 4096K, 0% used [0x00000000d7280000,0x00000000d7280000,0x00000000d7680000)
  to   space 4096K, 0% used [0x00000000d6e80000,0x00000000d6e80000,0x00000000d7280000)
 ParOldGen       total 68608K, used 0K [0x0000000080000000, 0x0000000084300000, 0x00000000d5580000)
  object space 68608K, 0% used [0x0000000080000000,0x0000000080000000,0x0000000084300000)
 Metaspace       used 0K, committed 0K, reserved 1048576K
  class space    used 0K, committed 0K, reserved 1048576K

Card table byte_map: [0x00000241a4bd0000,0x00000241a4fe0000] _byte_map_base: 0x00000241a47d0000

Marking Bits: (ParMarkBitMap*) 0x00007fff5c5631f0
 Begin Bits: [0x00000241b76d0000, 0x00000241b96d0000)
 End Bits:   [0x00000241b96d0000, 0x00000241bb6d0000)

Polling page: 0x00000241a2fb0000

Metaspace:

Usage:
  Non-class:      0 bytes used.
      Class:      0 bytes used.
       Both:      0 bytes used.

Virtual space:
  Non-class space:        0 bytes reserved,       0 bytes (  ?%) committed,  0 nodes.
      Class space:        1.00 GB reserved,       0 bytes (  0%) committed,  1 nodes.
             Both:        1.00 GB reserved,       0 bytes (  0%) committed. 

Chunk freelists:
   Non-Class:  0 bytes
       Class:  16.00 MB
        Both:  16.00 MB

MaxMetaspaceSize: unlimited
CompressedClassSpaceSize: 1.00 GB
Initial GC threshold: 21.00 MB
Current GC threshold: 17179869184.00 GB
CDS: on
 - commit_granule_bytes: 65536.
 - commit_granule_words: 8192.
 - virtual_space_node_default_size: 8388608.
 - enlarge_chunks_in_place: 1.
 - use_allocation_guard: 0.


Internal statistics:

num_allocs_failed_limit: 0.
num_arena_births: 0.
num_arena_deaths: 0.
num_vsnodes_births: 1.
num_vsnodes_deaths: 0.
num_space_committed: 0.
num_space_uncommitted: 0.
num_chunks_returned_to_freelist: 0.
num_chunks_taken_from_freelist: 1.
num_chunk_merges: 0.
num_chunk_splits: 1.
num_chunks_enlarged: 0.
num_inconsistent_stats: 0.

CodeHeap 'non-profiled nmethods': size=119168Kb used=0Kb max_used=0Kb free=119168Kb
 bounds [0x00000241affc0000, 0x00000241b0230000, 0x00000241b7420000]
CodeHeap 'profiled nmethods': size=119104Kb used=0Kb max_used=0Kb free=119104Kb
 bounds [0x00000241a8420000, 0x00000241a8690000, 0x00000241af870000]
CodeHeap 'non-nmethods': size=7488Kb used=194Kb max_used=342Kb free=7293Kb
 bounds [0x00000241af870000, 0x00000241afae0000, 0x00000241affc0000]
 total_blobs=70 nmethods=0 adapters=48
 compilation: enabled
              stopped_count=0, restarted_count=0
 full_count=0

Compilation events (0 events):
No events

GC Heap History (0 events):
No events

Dll operation events (1 events):
Event: 0.007 Loaded shared library c:\Users\Renan Augusto\.vscode\extensions\redhat.java-1.43.1-win32-x64\jre\21.0.7-win32-x86_64\bin\java.dll

Deoptimization events (0 events):
No events

Classes loaded (0 events):
No events

Classes unloaded (0 events):
No events

Classes redefined (0 events):
No events

Internal exceptions (0 events):
No events

ZGC Phase Switch (0 events):
No events

VM Operations (0 events):
No events

Memory protections (0 events):
No events

Nmethod flushes (0 events):
No events

Events (1 events):
Event: 0.017 Thread 0x00000241a522dbf0 Thread added: 0x00000241a522dbf0


Dynamic libraries:
0x00007ff6a0350000 - 0x00007ff6a035e000 	c:\Users\Renan Augusto\.vscode\extensions\redhat.java-1.43.1-win32-x64\jre\21.0.7-win32-x86_64\bin\java.exe
0x00007fffe7ac0000 - 0x00007fffe7d28000 	C:\WINDOWS\SYSTEM32\ntdll.dll
0x00007fffe58a0000 - 0x00007fffe5969000 	C:\WINDOWS\System32\KERNEL32.DLL
0x00007fffe5180000 - 0x00007fffe556d000 	C:\WINDOWS\System32\KERNELBASE.dll
0x00007fffe4fa0000 - 0x00007fffe50eb000 	C:\WINDOWS\System32\ucrtbase.dll
0x00007fffc8ab0000 - 0x00007fffc8ac8000 	c:\Users\Renan Augusto\.vscode\extensions\redhat.java-1.43.1-win32-x64\jre\21.0.7-win32-x86_64\bin\jli.dll
0x00007fffbe100000 - 0x00007fffbe11e000 	c:\Users\Renan Augusto\.vscode\extensions\redhat.java-1.43.1-win32-x64\jre\21.0.7-win32-x86_64\bin\VCRUNTIME140.dll
0x00007fffe77b0000 - 0x00007fffe797c000 	C:\WINDOWS\System32\USER32.dll
0x00007fffd4be0000 - 0x00007fffd4e7a000 	C:\WINDOWS\WinSxS\amd64_microsoft.windows.common-controls_6595b64144ccf1df_6.0.26100.4484_none_3e0e6d4ce32ef3b3\COMCTL32.dll
0x00007fffe4f70000 - 0x00007fffe4f97000 	C:\WINDOWS\System32\win32u.dll
0x00007fffe5b10000 - 0x00007fffe5b3b000 	C:\WINDOWS\System32\GDI32.dll
0x00007fffe7160000 - 0x00007fffe7209000 	C:\WINDOWS\System32\msvcrt.dll
0x00007fffe4cb0000 - 0x00007fffe4de7000 	C:\WINDOWS\System32\gdi32full.dll
0x00007fffe5570000 - 0x00007fffe5613000 	C:\WINDOWS\System32\msvcp_win.dll
0x00007fffe5860000 - 0x00007fffe588f000 	C:\WINDOWS\System32\IMM32.DLL
0x00007fffdf410000 - 0x00007fffdf41c000 	c:\Users\Renan Augusto\.vscode\extensions\redhat.java-1.43.1-win32-x64\jre\21.0.7-win32-x86_64\bin\vcruntime140_1.dll
0x00007fff5c640000 - 0x00007fff5c6cd000 	c:\Users\Renan Augusto\.vscode\extensions\redhat.java-1.43.1-win32-x64\jre\21.0.7-win32-x86_64\bin\msvcp140.dll
0x00007fff5b8b0000 - 0x00007fff5c640000 	c:\Users\Renan Augusto\.vscode\extensions\redhat.java-1.43.1-win32-x64\jre\21.0.7-win32-x86_64\bin\server\jvm.dll
0x00007fffe6970000 - 0x00007fffe6a24000 	C:\WINDOWS\System32\ADVAPI32.dll
0x00007fffe7690000 - 0x00007fffe7736000 	C:\WINDOWS\System32\sechost.dll
0x00007fffe6830000 - 0x00007fffe6948000 	C:\WINDOWS\System32\RPCRT4.dll
0x00007fffe6ac0000 - 0x00007fffe6b34000 	C:\WINDOWS\System32\WS2_32.dll
0x00007fffe4a60000 - 0x00007fffe4abe000 	C:\WINDOWS\SYSTEM32\POWRPROF.dll
0x00007fffdcff0000 - 0x00007fffdd025000 	C:\WINDOWS\SYSTEM32\WINMM.dll
0x00007fffddf50000 - 0x00007fffddf5b000 	C:\WINDOWS\SYSTEM32\VERSION.dll
0x00007fffe4a40000 - 0x00007fffe4a54000 	C:\WINDOWS\SYSTEM32\UMPDC.dll
0x00007fffe3980000 - 0x00007fffe399b000 	C:\WINDOWS\SYSTEM32\kernel.appcore.dll
0x00007fffdd830000 - 0x00007fffdd83a000 	c:\Users\Renan Augusto\.vscode\extensions\redhat.java-1.43.1-win32-x64\jre\21.0.7-win32-x86_64\bin\jimage.dll
0x00007fffd9460000 - 0x00007fffd96a1000 	C:\WINDOWS\SYSTEM32\DBGHELP.DLL
0x00007fffe7210000 - 0x00007fffe7596000 	C:\WINDOWS\System32\combase.dll
0x00007fffe75a0000 - 0x00007fffe7680000 	C:\WINDOWS\System32\OLEAUT32.dll
0x00007fffd5020000 - 0x00007fffd5063000 	C:\WINDOWS\SYSTEM32\dbgcore.DLL
0x00007fffe4c10000 - 0x00007fffe4ca9000 	C:\WINDOWS\System32\bcryptPrimitives.dll
0x00007fffe1b10000 - 0x00007fffe1b1f000 	c:\Users\Renan Augusto\.vscode\extensions\redhat.java-1.43.1-win32-x64\jre\21.0.7-win32-x86_64\bin\instrument.dll
0x00007fffb6000000 - 0x00007fffb601f000 	c:\Users\Renan Augusto\.vscode\extensions\redhat.java-1.43.1-win32-x64\jre\21.0.7-win32-x86_64\bin\java.dll

dbghelp: loaded successfully - version: 4.0.5 - missing functions: none
symbol engine: initialized successfully - sym options: 0x614 - pdb path: .;c:\Users\Renan Augusto\.vscode\extensions\redhat.java-1.43.1-win32-x64\jre\21.0.7-win32-x86_64\bin;C:\WINDOWS\SYSTEM32;C:\WINDOWS\WinSxS\amd64_microsoft.windows.common-controls_6595b64144ccf1df_6.0.26100.4484_none_3e0e6d4ce32ef3b3;c:\Users\Renan Augusto\.vscode\extensions\redhat.java-1.43.1-win32-x64\jre\21.0.7-win32-x86_64\bin\server

VM Arguments:
jvm_args: --add-modules=ALL-SYSTEM --add-opens=java.base/java.util=ALL-UNNAMED --add-opens=java.base/java.lang=ALL-UNNAMED --add-opens=java.base/sun.nio.fs=ALL-UNNAMED -Declipse.application=org.eclipse.jdt.ls.core.id1 -Dosgi.bundles.defaultStartLevel=4 -Declipse.product=org.eclipse.jdt.ls.core.product -Djava.import.generatesMetadataFilesAtProjectRoot=false -DDetectVMInstallationsJob.disabled=true -Dfile.encoding=utf8bom -XX:+UseParallelGC -XX:GCTimeRatio=4 -XX:AdaptiveSizePolicyWeight=90 -Dsun.zip.disableMemoryMapping=true -Xmx2G -Xms100m -Xlog:disable -javaagent:c:\Users\Renan Augusto\.vscode\extensions\redhat.java-1.43.1-win32-x64\lombok\lombok-1.18.39-4050.jar 
java_command: c:\Users\Renan Augusto\.vscode\extensions\redhat.java-1.43.1-win32-x64\server\plugins\org.eclipse.equinox.launcher_1.7.0.v20250519-0528.jar -configuration c:\Users\Renan Augusto\AppData\Roaming\Code\User\globalStorage\redhat.java\1.43.1\config_ss_win -data c:\Users\Renan Augusto\AppData\Roaming\Code\User\workspaceStorage\4cb0578cd3725c5a51ee1e164ad41129\redhat.java\ss_ws --pipe=\\.\pipe\lsp-1d1661695677d4f5790631508a5dc8ca-sock
java_class_path (initial): c:\Users\Renan Augusto\.vscode\extensions\redhat.java-1.43.1-win32-x64\server\plugins\org.eclipse.equinox.launcher_1.7.0.v20250519-0528.jar
Launcher Type: SUN_STANDARD

[Global flags]
    uintx AdaptiveSizePolicyWeight                 = 90                                        {product} {command line}
     intx CICompilerCount                          = 12                                        {product} {ergonomic}
    uintx GCTimeRatio                              = 4                                         {product} {command line}
   size_t InitialHeapSize                          = 104857600                                 {product} {command line}
   size_t MaxHeapSize                              = 2147483648                                {product} {command line}
   size_t MaxNewSize                               = 715653120                                 {product} {ergonomic}
   size_t MinHeapDeltaBytes                        = 524288                                    {product} {ergonomic}
   size_t MinHeapSize                              = 104857600                                 {product} {command line}
   size_t NewSize                                  = 34603008                                  {product} {ergonomic}
    uintx NonNMethodCodeHeapSize                   = 7602480                                {pd product} {ergonomic}
    uintx NonProfiledCodeHeapSize                  = 122027880                              {pd product} {ergonomic}
   size_t OldSize                                  = 70254592                                  {product} {ergonomic}
    uintx ProfiledCodeHeapSize                     = 122027880                              {pd product} {ergonomic}
    uintx ReservedCodeCacheSize                    = 251658240                              {pd product} {ergonomic}
     bool SegmentedCodeCache                       = true                                      {product} {ergonomic}
   size_t SoftMaxHeapSize                          = 2147483648                             {manageable} {ergonomic}
     bool UseCompressedOops                        = true                           {product lp64_product} {ergonomic}
     bool UseLargePagesIndividualAllocation        = false                                  {pd product} {ergonomic}
     bool UseParallelGC                            = true                                      {product} {command line}

Logging:
Log output configuration:
 #0: stdout all=off uptime,level,tags foldmultilines=false
 #1: stderr all=off uptime,level,tags foldmultilines=false

Environment Variables:
JAVA_HOME=C:\Program Files\Java\jdk-23
PATH=C:\Program Files\Common Files\Oracle\Java\javapath;C:\Python312\Scripts\;C:\Python312\;C:\WINDOWS\system32;C:\WINDOWS;C:\WINDOWS\System32\Wbem;C:\WINDOWS\System32\WindowsPowerShell\v1.0\;C:\WINDOWS\System32\OpenSSH\;c:\program files (x86)\steam\steamapps\common\iracing\d3dgear;C:\ProgramData\chocolatey\bin;c:\users\renan augusto\appdata\roaming\python\python312\site-packages;C:\Program Files\Git\cmd;C:\Program Files\Docker\Docker\resources\bin;C:\Program Files\nodejs\;C:\tools\cmdline-tools\latest\bin;C:\Program Files\dotnet\;C:\Program Files\PowerShell\7\;C:\Program Files\MySQL\MySQL Shell 8.0\bin\;C:\Users\Renan Augusto\AppData\Local\Microsoft\WindowsApps;C:\Users\Renan Augusto\AppData\Local\Programs\Microsoft VS Code\bin;C:\Users\Renan Augusto\AppData\Roaming\npm;C:\Users\Renan Augusto\AppData\Local\Muse Hub\lib;C:\Projetos\flutter\bin;C:\Program Files\Java\jdk-23\bin;
USERNAME=Renan Augusto
OS=Windows_NT
PROCESSOR_IDENTIFIER=AMD64 Family 25 Model 80 Stepping 0, AuthenticAMD
TMP=C:\Users\RENANA~1\AppData\Local\Temp
TEMP=C:\Users\RENANA~1\AppData\Local\Temp




Periodic native trim disabled

---------------  S Y S T E M  ---------------

OS:
 Windows 11 , 64 bit Build 26100 (10.0.26100.4484)
OS uptime: 0 days 0:38 hours
Hyper-V role detected

CPU: total 16 (initial active 16) (16 cores per cpu, 2 threads per core) family 25 model 80 stepping 0 microcode 0xa50000f, cx8, cmov, fxsr, ht, mmx, 3dnowpref, sse, sse2, sse3, ssse3, sse4a, sse4.1, sse4.2, popcnt, lzcnt, tsc, tscinvbit, avx, avx2, aes, erms, clmul, bmi1, bmi2, adx, sha, fma, vzeroupper, clflush, clflushopt, hv, rdtscp, rdpid, fsrm, f16c, cet_ss
Processor Information for the first 16 processors :
  Max Mhz: 3801, Current Mhz: 3801, Mhz Limit: 3801

Memory: 4k page, system-wide physical 14207M (756M free)
TotalPageFile size 29421M (AvailPageFile size 78M)
current process WorkingSet (physical memory assigned to process): 26M, peak: 26M
current process commit charge ("private bytes"): 213M, peak: 214M

vm_info: OpenJDK 64-Bit Server VM (21.0.7+6-LTS) for windows-amd64 JRE (21.0.7+6-LTS), built on 2025-04-15T00:00:00Z by "admin" with MS VC++ 17.7 (VS2022)

END.
